\BOOKMARK [1][-]{section.1}{\376\377\000A\000u\000f\000g\000a\000b\000e\000n\000s\000t\000e\000l\000l\000u\000n\000g}{}% 1
\BOOKMARK [1][-]{section.2}{\376\377\000F\000r\000a\000g\000e\000s\000t\000e\000l\000l\000u\000n\000g}{}% 2
\BOOKMARK [1][-]{section.3}{\376\377\000T\000e\000c\000h\000n\000o\000l\000o\000g\000i\000e}{}% 3
\BOOKMARK [2][-]{subsection.3.1}{\376\377\000W\000a\000s\000\040\000i\000s\000t\000\040\000L\000o\000R\000a\000?}{section.3}% 4
\BOOKMARK [2][-]{subsection.3.2}{\376\377\000W\000a\000r\000u\000m\000\040\000L\000o\000R\000a\000?}{section.3}% 5
\BOOKMARK [2][-]{subsection.3.3}{\376\377\000L\000o\000R\000a\000\040\000u\000n\000d\000\040\000L\000o\000R\000a\000W\000A\000N}{section.3}% 6
\BOOKMARK [2][-]{subsection.3.4}{\376\377\000M\000e\000s\000h\000t\000a\000s\000t\000i\000c}{section.3}% 7
\BOOKMARK [1][-]{section.4}{\376\377\000G\000e\000r\000\344\000t\000e}{}% 8
\BOOKMARK [2][-]{subsection.4.1}{\376\377\000H\000e\000l\000t\000e\000c\000\040\000L\000o\000R\000a\0003\0002\000\040\000v\0003}{section.4}% 9
\BOOKMARK [2][-]{subsection.4.2}{\376\377\000L\000I\000L\000Y\000G\000O\000\040\000T\000-\000E\000c\000h\000o}{section.4}% 10
\BOOKMARK [2][-]{subsection.4.3}{\376\377\000L\000I\000L\000Y\000G\000O\000\040\000T\000-\000D\000e\000c\000k}{section.4}% 11
\BOOKMARK [1][-]{section.5}{\376\377\000F\000i\000r\000m\000w\000a\000r\000e\000\040\000f\000l\000a\000s\000h\000e\000n}{}% 12
\BOOKMARK [2][-]{subsection.5.1}{\376\377\000H\000a\000r\000d\000w\000a\000r\000e\000\040\000i\000d\000e\000n\000t\000i\000f\000i\000z\000i\000e\000r\000e\000n\000\040\000o\000d\000e\000r\000\040\000a\000u\000s\000w\000\344\000h\000l\000e\000n}{section.5}% 13
\BOOKMARK [3][-]{subsubsection.5.1.1}{\376\377\000S\000e\000r\000i\000a\000l\000\040\000T\000r\000e\000i\000b\000e\000r\000\040\000f\000\374\000r\000\040\000E\000S\000P\0003\0002}{subsection.5.1}% 14
\BOOKMARK [3][-]{subsubsection.5.1.2}{\376\377\000S\000e\000r\000i\000a\000l\000\040\000T\000r\000e\000i\000b\000e\000r\000\040\000f\000\374\000r\000\040\000n\000R\000F\0005\0002}{subsection.5.1}% 15
\BOOKMARK [2][-]{subsection.5.2}{\376\377\000F\000i\000r\000m\000w\000a\000r\000e\000\040\000f\000\374\000r\000\040\000E\000S\000P\0003\0002\000\040\000f\000l\000a\000s\000h\000e\000n}{section.5}% 16
\BOOKMARK [2][-]{subsection.5.3}{\376\377\000F\000i\000r\000m\000w\000a\000r\000e\000\040\000f\000\374\000r\000\040\000E\000S\000P\0003\0002\000\040\000n\000R\000F\0005\0002}{section.5}% 17
\BOOKMARK [1][-]{section.6}{\376\377\000S\000o\000f\000t\000w\000a\000r\000e}{}% 18
\BOOKMARK [1][-]{section.7}{\376\377\000H\000\344\000u\000f\000i\000g\000e\000\040\000P\000r\000o\000b\000l\000e\000m\000e\000\040\000-\000\040\000K\000o\000m\000m\000u\000n\000i\000k\000a\000t\000i\000o\000n\000\040\000m\000i\000t\000\040\000G\000e\000r\000\344\000t\000\040\000\374\000b\000e\000r\000\040\000U\000S\000B}{}% 19
\BOOKMARK [1][-]{section.8}{\376\377\000S\000i\000m\000u\000l\000a\000t\000i\000o\000n}{}% 20
\BOOKMARK [1][-]{section.9}{\376\377\000T\000h\000e\000o\000r\000i\000e}{}% 21
\BOOKMARK [2][-]{subsection.9.1}{\376\377\000L\000i\000n\000k\000-\000B\000u\000d\000g\000e\000t}{section.9}% 22
\BOOKMARK [2][-]{subsection.9.2}{\376\377\000K\000e\000n\000n\000g\000r\000\366\000\337\000e\000n}{section.9}% 23
\BOOKMARK [2][-]{subsection.9.3}{\376\377\000d\000B}{section.9}% 24
\BOOKMARK [2][-]{subsection.9.4}{\376\377\000C\000h\000a\000n\000n\000e\000l\000s\000e\000t\000t\000i\000n\000g\000s}{section.9}% 25
\BOOKMARK [2][-]{subsection.9.5}{\376\377\000T\000r\000a\000n\000s\000c\000e\000i\000v\000e\000r\000w\000e\000r\000t\000e}{section.9}% 26
\BOOKMARK [2][-]{subsection.9.6}{\376\377\000M\000a\000x\000i\000m\000a\000l\000\040\000m\000\366\000g\000l\000i\000c\000h\000e\000\040\000\334\000b\000e\000r\000t\000r\000a\000g\000u\000n\000s\000s\000t\000\344\000r\000k\000e}{section.9}% 27
\BOOKMARK [2][-]{subsection.9.7}{\376\377\000\334\000b\000e\000r\000l\000e\000g\000u\000n\000g\000e\000n}{section.9}% 28
\BOOKMARK [2][-]{subsection.9.8}{\376\377\000F\000a\000z\000i\000t}{section.9}% 29
\BOOKMARK [2][-]{subsection.9.9}{\376\377\000N\000o\000t\000i\000z\000e\000n}{section.9}% 30
\BOOKMARK [3][-]{subsubsection.9.9.1}{\376\377\000L\000i\000n\000k\000-\000B\000u\000d\000g\000e\000t\000\040\000F\000o\000r\000m\000e\000l}{subsection.9.9}% 31
\BOOKMARK [3][-]{subsubsection.9.9.2}{\376\377\000L\000i\000n\000e\000\040\000o\000f\000\040\000S\000i\000g\000h\000t\000\040\000t\000o\000o\000l}{subsection.9.9}% 32
\BOOKMARK [3][-]{subsubsection.9.9.3}{\376\377\000B\000e\000i\000s\000p\000i\000e\000l\000r\000e\000c\000h\000n\000u\000n\000g}{subsection.9.9}% 33
